  lab-05.cpp
c:\users\stefano\desktop\labcg-05_1617\lab-05.cpp(53): warning C4305: 'inizializzazione': troncamento da 'double' a 'float'
c:\users\stefano\desktop\labcg-05_1617\lab-05.cpp(91): warning C4838: la conversione da 'double' a 'float' richiede una conversione verso un tipo di dati più piccolo
c:\users\stefano\desktop\labcg-05_1617\lab-05.cpp(91): warning C4305: 'inizializzazione': troncamento da 'double' a 'float'
c:\users\stefano\desktop\labcg-05_1617\lab-05.cpp(92): warning C4838: la conversione da 'double' a 'float' richiede una conversione verso un tipo di dati più piccolo
c:\users\stefano\desktop\labcg-05_1617\lab-05.cpp(92): warning C4305: 'inizializzazione': troncamento da 'double' a 'float'
c:\users\stefano\desktop\labcg-05_1617\lab-05.cpp(93): warning C4838: la conversione da 'double' a 'float' richiede una conversione verso un tipo di dati più piccolo
c:\users\stefano\desktop\labcg-05_1617\lab-05.cpp(93): warning C4305: 'inizializzazione': troncamento da 'double' a 'float'
c:\users\stefano\desktop\labcg-05_1617\lab-05.cpp(94): warning C4838: la conversione da 'double' a 'float' richiede una conversione verso un tipo di dati più piccolo
c:\users\stefano\desktop\labcg-05_1617\lab-05.cpp(94): warning C4305: 'inizializzazione': troncamento da 'double' a 'float'
c:\users\stefano\desktop\labcg-05_1617\lab-05.cpp(95): warning C4838: la conversione da 'double' a 'float' richiede una conversione verso un tipo di dati più piccolo
c:\users\stefano\desktop\labcg-05_1617\lab-05.cpp(95): warning C4305: 'inizializzazione': troncamento da 'double' a 'float'
c:\users\stefano\desktop\labcg-05_1617\lab-05.cpp(100): warning C4838: la conversione da 'double' a 'float' richiede una conversione verso un tipo di dati più piccolo
c:\users\stefano\desktop\labcg-05_1617\lab-05.cpp(100): warning C4305: 'inizializzazione': troncamento da 'double' a 'float'
c:\users\stefano\desktop\labcg-05_1617\lab-05.cpp(105): warning C4838: la conversione da 'double' a 'float' richiede una conversione verso un tipo di dati più piccolo
c:\users\stefano\desktop\labcg-05_1617\lab-05.cpp(105): warning C4305: 'inizializzazione': troncamento da 'double' a 'float'
c:\users\stefano\desktop\labcg-05_1617\lab-05.cpp(241): warning C4305: '=': troncamento da 'double' a 'float'
c:\users\stefano\desktop\labcg-05_1617\lab-05.cpp(253): warning C4305: '=': troncamento da 'double' a 'float'
c:\users\stefano\desktop\labcg-05_1617\lab-05.cpp(265): warning C4305: '=': troncamento da 'double' a 'float'
c:\users\stefano\desktop\labcg-05_1617\lab-05.cpp(277): warning C4305: '=': troncamento da 'double' a 'float'
c:\users\stefano\desktop\labcg-05_1617\lab-05.cpp(471): warning C4305: 'argomento': troncamento da 'double' a 'GLclampf'
c:\users\stefano\desktop\labcg-05_1617\lab-05.cpp(518): warning C4244: '-=': conversione da 'double' a 'float'. Possibile perdita di dati.
c:\users\stefano\desktop\labcg-05_1617\lab-05.cpp(522): warning C4244: '-=': conversione da 'double' a 'float'. Possibile perdita di dati.
c:\users\stefano\desktop\labcg-05_1617\lab-05.cpp(576): warning C4244: 'argomento': conversione da 'double' a 'GLfloat'. Possibile perdita di dati.
c:\users\stefano\desktop\labcg-05_1617\lab-05.cpp(580): warning C4244: 'argomento': conversione da 'double' a 'GLfloat'. Possibile perdita di dati.
c:\users\stefano\desktop\labcg-05_1617\lab-05.cpp(581): warning C4244: 'argomento': conversione da 'double' a 'GLfloat'. Possibile perdita di dati.
c:\users\stefano\desktop\labcg-05_1617\lab-05.cpp(583): warning C4244: 'argomento': conversione da 'double' a 'GLfloat'. Possibile perdita di dati.
c:\users\stefano\desktop\labcg-05_1617\lab-05.cpp(584): warning C4244: 'argomento': conversione da 'double' a 'GLfloat'. Possibile perdita di dati.
c:\users\stefano\desktop\labcg-05_1617\lab-05.cpp(585): warning C4244: 'argomento': conversione da 'double' a 'GLfloat'. Possibile perdita di dati.
c:\users\stefano\desktop\labcg-05_1617\lab-05.cpp(732): warning C4244: '=': conversione da 'double' a 'int'. Possibile perdita di dati.
c:\users\stefano\desktop\labcg-05_1617\lab-05.cpp(759): warning C4244: 'argomento': conversione da 'int' a 'FN_DECIMAL'. Possibile perdita di dati.
  Lab05.vcxproj -> C:\Users\Stefano\Documents\Visual Studio 2017\Projects\Computer Graphics\Debug\Lab05.exe
