  wave.cpp
c:\users\stefano\desktop\labcg-06\common\common.h(92): warning C4996: 'fopen': This function or variable may be unsafe. Consider using fopen_s instead. To disable deprecation, use _CRT_SECURE_NO_WARNINGS. See online help for details.
  c:\program files (x86)\windows kits\10\include\10.0.10240.0\ucrt\stdio.h(205): note: vedere la dichiarazione di 'fopen'
c:\users\stefano\desktop\labcg-06\common\common.h(202): warning C4305: 'inizializzazione': troncamento da 'double' a 'GLfloat'
c:\users\stefano\desktop\labcg-06\common\common.h(1479): warning C4244: '=': conversione da 'double' a 'GLfloat'. Possibile perdita di dati.
c:\users\stefano\desktop\labcg-06\common\common.h(1480): warning C4244: '=': conversione da 'double' a 'GLfloat'. Possibile perdita di dati.
c:\users\stefano\desktop\labcg-06\common\common.h(1481): warning C4244: '=': conversione da 'double' a 'GLfloat'. Possibile perdita di dati.
c:\users\stefano\desktop\labcg-06\common\common.h(1502): warning C4244: '=': conversione da 'double' a 'GLfloat'. Possibile perdita di dati.
c:\users\stefano\desktop\labcg-06\common\common.h(1504): warning C4244: '=': conversione da 'double' a 'GLfloat'. Possibile perdita di dati.
c:\users\stefano\desktop\labcg-06\common\common.h(1507): warning C4244: '=': conversione da 'double' a 'GLfloat'. Possibile perdita di dati.
c:\users\stefano\desktop\labcg-06\common\common.h(1523): warning C4244: '=': conversione da 'double' a 'GLfloat'. Possibile perdita di dati.
c:\users\stefano\desktop\labcg-06\wave\wave.cpp(15): warning C4838: la conversione da 'double' a 'float' richiede una conversione verso un tipo di dati più piccolo
c:\users\stefano\desktop\labcg-06\wave\wave.cpp(15): warning C4305: 'inizializzazione': troncamento da 'double' a 'float'
c:\users\stefano\desktop\labcg-06\wave\wave.cpp(16): warning C4838: la conversione da 'double' a 'float' richiede una conversione verso un tipo di dati più piccolo
c:\users\stefano\desktop\labcg-06\wave\wave.cpp(16): warning C4305: 'inizializzazione': troncamento da 'double' a 'float'
c:\users\stefano\desktop\labcg-06\wave\wave.cpp(38): warning C4305: 'argomento': troncamento da 'double' a 'GLfloat'
c:\users\stefano\desktop\labcg-06\wave\wave.cpp(39): warning C4305: 'argomento': troncamento da 'double' a 'GLfloat'
c:\users\stefano\desktop\labcg-06\wave\wave.cpp(67): warning C4305: 'argomento': troncamento da 'double' a 'GLfloat'
c:\users\stefano\desktop\labcg-06\wave\wave.cpp(85): warning C4244: 'argomento': conversione da 'int' a 'GLfloat'. Possibile perdita di dati.
c:\users\stefano\desktop\labcg-06\wave\wave.cpp(111): warning C4244: 'argomento': conversione da 'time_t' a 'unsigned int'. Possibile perdita di dati.
  WAVE.vcxproj -> C:\Users\Stefano\Desktop\labCG-06\Debug\WAVE.exe
